\BOOKMARK [0][-]{Doc-Start}{\376\377\000L\000i\000s\000t\000\040\000o\000f\000\040\000F\000i\000g\000u\000r\000e\000s}{}% 1
\BOOKMARK [0][-]{Doc-Start}{\376\377\000L\000i\000s\000t\000\040\000o\000f\000\040\000T\000a\000b\000l\000e\000s}{}% 2
\BOOKMARK [0][-]{chapter.1}{\376\377\000I\000n\000t\000r\000o\000d\000u\000c\000t\000i\000o\000n}{}% 3
\BOOKMARK [1][-]{section.1.1}{\376\377\000P\000u\000r\000p\000o\000s\000e\000\040\000o\000f\000\040\000t\000h\000i\000s\000\040\000D\000o\000c\000u\000m\000e\000n\000t}{chapter.1}% 4
\BOOKMARK [1][-]{section.1.2}{\376\377\000I\000n\000t\000e\000n\000d\000e\000d\000\040\000A\000u\000d\000i\000e\000n\000c\000e}{chapter.1}% 5
\BOOKMARK [1][-]{section.1.3}{\376\377\000D\000e\000f\000i\000n\000i\000t\000i\000o\000n\000s\000,\000\040\000A\000c\000r\000o\000n\000y\000m\000s\000,\000\040\000a\000n\000d\000\040\000A\000b\000b\000r\000e\000v\000i\000a\000t\000i\000o\000n\000s}{chapter.1}% 6
\BOOKMARK [1][-]{section.1.4}{\376\377\000C\000o\000n\000c\000l\000u\000s\000i\000o\000n}{chapter.1}% 7
\BOOKMARK [0][-]{chapter.2}{\376\377\000P\000r\000o\000j\000e\000c\000t\000\040\000V\000i\000s\000i\000o\000n}{}% 8
\BOOKMARK [1][-]{section.2.1}{\376\377\000P\000r\000o\000b\000l\000e\000m\000\040\000D\000o\000m\000a\000i\000n\000\040\000O\000v\000e\000r\000v\000i\000e\000w}{chapter.2}% 9
\BOOKMARK [1][-]{section.2.2}{\376\377\000P\000r\000o\000b\000l\000e\000m\000\040\000S\000t\000a\000t\000e\000m\000e\000n\000t}{chapter.2}% 10
\BOOKMARK [1][-]{section.2.3}{\376\377\000P\000r\000o\000b\000l\000e\000m\000\040\000E\000l\000a\000b\000o\000r\000a\000t\000i\000o\000n}{chapter.2}% 11
\BOOKMARK [1][-]{section.2.4}{\376\377\000G\000o\000a\000l\000s\000\040\000a\000n\000d\000\040\000O\000b\000j\000e\000c\000t\000i\000v\000e\000s}{chapter.2}% 12
\BOOKMARK [1][-]{section.2.5}{\376\377\000P\000r\000o\000j\000e\000c\000t\000\040\000S\000c\000o\000p\000e}{chapter.2}% 13
\BOOKMARK [1][-]{section.2.6}{\376\377\000S\000u\000s\000t\000a\000i\000n\000a\000b\000l\000e\000\040\000D\000e\000v\000e\000l\000o\000p\000m\000e\000n\000t\000\040\000G\000o\000a\000l\000\040\000\050\000S\000D\000G\000\051}{chapter.2}% 14
\BOOKMARK [1][-]{section.2.7}{\376\377\000C\000o\000n\000s\000t\000r\000a\000i\000n\000t\000s}{chapter.2}% 15
\BOOKMARK [1][-]{section.2.8}{\376\377\000B\000u\000s\000i\000n\000e\000s\000s\000\040\000O\000p\000p\000o\000r\000t\000u\000n\000i\000t\000y}{chapter.2}% 16
\BOOKMARK [1][-]{section.2.9}{\376\377\000S\000t\000a\000k\000e\000h\000o\000l\000d\000e\000r\000s\000\040\000D\000e\000s\000c\000r\000i\000p\000t\000i\000o\000n\000/\000\040\000U\000s\000e\000r\000\040\000C\000h\000a\000r\000a\000c\000t\000e\000r\000i\000s\000t\000i\000c\000s}{chapter.2}% 17
\BOOKMARK [2][-]{subsection.2.9.1}{\376\377\000S\000t\000a\000k\000e\000h\000o\000l\000d\000e\000r\000s\000\040\000S\000u\000m\000m\000a\000r\000y}{section.2.9}% 18
\BOOKMARK [2][-]{subsection.2.9.2}{\376\377\000H\000i\000g\000h\000-\000L\000e\000v\000e\000l\000\040\000G\000o\000a\000l\000s\000\040\000a\000n\000d\000\040\000P\000r\000o\000b\000l\000e\000m\000s\000\040\000o\000f\000\040\000S\000t\000a\000k\000e\000h\000o\000l\000d\000e\000r\000s}{section.2.9}% 19
\BOOKMARK [1][-]{section.2.10}{\376\377\000C\000o\000n\000c\000l\000u\000s\000i\000o\000n}{chapter.2}% 20
\BOOKMARK [0][-]{chapter.3}{\376\377\000L\000i\000t\000e\000r\000a\000t\000u\000r\000e\000\040\000R\000e\000v\000i\000e\000w\000\040\000/\000\040\000R\000e\000l\000a\000t\000e\000d\000\040\000W\000o\000r\000k}{}% 21
\BOOKMARK [1][-]{section.3.1}{\376\377\000D\000e\000f\000i\000n\000i\000t\000i\000o\000n\000s\000,\000\040\000A\000c\000r\000o\000n\000y\000m\000s\000,\000\040\000a\000n\000d\000\040\000A\000b\000b\000r\000e\000v\000i\000a\000t\000i\000o\000n\000s}{chapter.3}% 22
\BOOKMARK [2][-]{subsection.3.1.1}{\376\377\000K\000e\000y\000\040\000D\000e\000f\000i\000n\000i\000t\000i\000o\000n\000s}{section.3.1}% 23
\BOOKMARK [1][-]{section.3.2}{\376\377\000D\000e\000t\000a\000i\000l\000e\000d\000\040\000L\000i\000t\000e\000r\000a\000t\000u\000r\000e\000\040\000R\000e\000v\000i\000e\000w}{chapter.3}% 24
\BOOKMARK [2][-]{subsection.3.2.1}{\376\377\000C\000r\000i\000o\000.\000D\000o}{section.3.2}% 25
\BOOKMARK [2][-]{subsection.3.2.2}{\376\377\000T\000h\000e\000\040\000O\000d\000i\000n\000\040\000P\000r\000o\000j\000e\000c\000t}{section.3.2}% 26
\BOOKMARK [2][-]{subsection.3.2.3}{\376\377\000P\000r\000o\000j\000e\000c\000t\000L\000e\000a\000r\000n\000.\000i\000o}{section.3.2}% 27
\BOOKMARK [2][-]{subsection.3.2.4}{\376\377\000E\000d\000u\000c\000a\000t\000i\000v\000e\000.\000i\000o}{section.3.2}% 28
\BOOKMARK [2][-]{subsection.3.2.5}{\376\377\000C\000o\000d\000i\000o}{section.3.2}% 29
\BOOKMARK [2][-]{subsection.3.2.6}{\376\377\000P\000r\000o\000j\000e\000c\000t\000-\000B\000a\000s\000e\000d\000\040\000L\000e\000a\000r\000n\000i\000n\000g\000\040\000G\000i\000t\000H\000u\000b\000\040\000R\000e\000p\000o\000s\000i\000t\000o\000r\000y}{section.3.2}% 30
\BOOKMARK [2][-]{subsection.3.2.7}{\376\377\000U\000d\000e\000m\000y}{section.3.2}% 31
\BOOKMARK [2][-]{subsection.3.2.8}{\376\377\000L\000i\000n\000k\000e\000d\000I\000n\000\040\000L\000e\000a\000r\000n\000i\000n\000g}{section.3.2}% 32
\BOOKMARK [2][-]{subsection.3.2.9}{\376\377\000M\000i\000c\000r\000o\000s\000o\000f\000t\000\040\000L\000e\000a\000r\000n}{section.3.2}% 33
\BOOKMARK [2][-]{subsection.3.2.10}{\376\377\000P\000l\000u\000r\000a\000l\000s\000i\000g\000h\000t}{section.3.2}% 34
\BOOKMARK [2][-]{subsection.3.2.11}{\376\377\000C\000Y\000P\000H\000E\000R\000\040\000L\000e\000a\000r\000n\000i\000n\000g\000\040\000\050\000w\000i\000t\000h\000\040\000C\000Y\000P\000H\000E\000R\000\040\000A\000g\000e\000n\000t\000\051}{section.3.2}% 35
\BOOKMARK [2][-]{subsection.3.2.12}{\376\377\000D\000a\000t\000a\000C\000a\000m\000p}{section.3.2}% 36
\BOOKMARK [2][-]{subsection.3.2.13}{\376\377\000f\000r\000e\000e\000C\000o\000d\000e\000C\000a\000m\000p}{section.3.2}% 37
\BOOKMARK [2][-]{subsection.3.2.14}{\376\377\000U\000d\000a\000c\000i\000t\000y}{section.3.2}% 38
\BOOKMARK [2][-]{subsection.3.2.15}{\376\377\000C\000o\000d\000e\000C\000o\000m\000b\000a\000t}{section.3.2}% 39
\BOOKMARK [1][-]{section.3.3}{\376\377\000L\000i\000t\000e\000r\000a\000t\000u\000r\000e\000\040\000R\000e\000v\000i\000e\000w\000\040\000S\000u\000m\000m\000a\000r\000y\000\040\000T\000a\000b\000l\000e}{chapter.3}% 40
\BOOKMARK [1][-]{section.3.4}{\376\377\000C\000o\000n\000c\000l\000u\000s\000i\000o\000n}{chapter.3}% 41
\BOOKMARK [0][-]{chapter.4}{\376\377\000S\000o\000f\000t\000w\000a\000r\000e\000\040\000R\000e\000q\000u\000i\000r\000e\000m\000e\000n\000t\000\040\000S\000p\000e\000c\000i\000f\000i\000c\000a\000t\000i\000o\000n\000s}{}% 42
\BOOKMARK [1][-]{section.4.1}{\376\377\000L\000i\000s\000t\000\040\000o\000f\000\040\000F\000e\000a\000t\000u\000r\000e\000s}{chapter.4}% 43
\BOOKMARK [1][-]{section.4.2}{\376\377\000F\000u\000n\000c\000t\000i\000o\000n\000a\000l\000\040\000R\000e\000q\000u\000i\000r\000e\000m\000e\000n\000t\000s}{chapter.4}% 44
\BOOKMARK [2][-]{subsection.4.2.1}{\376\377\000F\000u\000n\000c\000t\000i\000o\000n\000a\000l\000\040\000R\000e\000q\000u\000i\000r\000e\000m\000e\000n\000t\000s\000\040\000o\000f\000\040\000P\000r\000o\000g\000r\000a\000m\000m\000e\000r\000s\000\040\000/\000\040\000D\000e\000v\000e\000l\000o\000p\000e\000r\000s}{section.4.2}% 45
\BOOKMARK [2][-]{subsection.4.2.2}{\376\377\000F\000u\000n\000c\000t\000i\000o\000n\000a\000l\000\040\000R\000e\000q\000u\000i\000r\000e\000m\000e\000n\000t\000s\000\040\000o\000f\000\040\000A\000d\000m\000i\000n}{section.4.2}% 46
\BOOKMARK [2][-]{subsection.4.2.3}{\376\377\000F\000u\000n\000c\000t\000i\000o\000n\000a\000l\000\040\000R\000e\000q\000u\000i\000r\000e\000m\000e\000n\000t\000s\000\040\000o\000f\000\040\000S\000y\000s\000t\000e\000m}{section.4.2}% 47
\BOOKMARK [1][-]{section.4.3}{\376\377\000Q\000u\000a\000l\000i\000t\000y\000\040\000A\000t\000t\000r\000i\000b\000u\000t\000e\000s}{chapter.4}% 48
\BOOKMARK [1][-]{section.4.4}{\376\377\000N\000o\000n\000-\000F\000u\000n\000c\000t\000i\000o\000n\000a\000l\000\040\000R\000e\000q\000u\000i\000r\000e\000m\000e\000n\000t\000s}{chapter.4}% 49
\BOOKMARK [2][-]{subsection.4.4.1}{\376\377\000P\000e\000r\000f\000o\000r\000m\000a\000n\000c\000e}{section.4.4}% 50
\BOOKMARK [2][-]{subsection.4.4.2}{\376\377\000R\000e\000l\000i\000a\000b\000i\000l\000i\000t\000y}{section.4.4}% 51
\BOOKMARK [2][-]{subsection.4.4.3}{\376\377\000U\000s\000a\000b\000i\000l\000i\000t\000y}{section.4.4}% 52
\BOOKMARK [2][-]{subsection.4.4.4}{\376\377\000R\000e\000u\000s\000a\000b\000i\000l\000i\000t\000y}{section.4.4}% 53
\BOOKMARK [2][-]{subsection.4.4.5}{\376\377\000E\000x\000t\000e\000n\000s\000i\000b\000i\000l\000i\000t\000y}{section.4.4}% 54
\BOOKMARK [1][-]{section.4.5}{\376\377\000A\000s\000s\000u\000m\000p\000t\000i\000o\000n\000s}{chapter.4}% 55
\BOOKMARK [1][-]{section.4.6}{\376\377\000U\000s\000e\000\040\000C\000a\000s\000e\000s}{chapter.4}% 56
\BOOKMARK [2][-]{subsection.4.6.1}{\376\377\000U\000s\000e\000r\000\040\000L\000o\000g\000i\000n}{section.4.6}% 57
\BOOKMARK [2][-]{subsection.4.6.2}{\376\377\000T\000r\000a\000c\000k\000\040\000S\000e\000l\000e\000c\000t\000i\000o\000n}{section.4.6}% 58
\BOOKMARK [2][-]{subsection.4.6.3}{\376\377\000S\000k\000i\000l\000l\000\040\000A\000s\000s\000e\000s\000s\000m\000e\000n\000t}{section.4.6}% 59
\BOOKMARK [2][-]{subsection.4.6.4}{\376\377\000A\000I\000\040\000P\000a\000t\000h\000\040\000G\000e\000n\000e\000r\000a\000t\000i\000o\000n}{section.4.6}% 60
\BOOKMARK [2][-]{subsection.4.6.5}{\376\377\000A\000g\000e\000n\000t\000i\000c\000\040\000R\000A\000G\000\040\000A\000s\000s\000i\000s\000t\000a\000n\000c\000e}{section.4.6}% 61
\BOOKMARK [2][-]{subsection.4.6.6}{\376\377\000P\000r\000o\000j\000e\000c\000t\000-\000B\000a\000s\000e\000d\000\040\000A\000s\000s\000i\000g\000n\000m\000e\000n\000t}{section.4.6}% 62
\BOOKMARK [2][-]{subsection.4.6.7}{\376\377\000A\000d\000m\000i\000n\000\040\000L\000o\000g\000i\000n}{section.4.6}% 63
\BOOKMARK [2][-]{subsection.4.6.8}{\376\377\000M\000a\000n\000a\000g\000e\000\040\000L\000e\000a\000r\000n\000i\000n\000g\000\040\000P\000a\000t\000h\000s}{section.4.6}% 64
\BOOKMARK [2][-]{subsection.4.6.9}{\376\377\000M\000a\000n\000a\000g\000e\000\040\000R\000A\000G\000\040\000K\000n\000o\000w\000l\000e\000d\000g\000e\000\040\000B\000a\000s\000e}{section.4.6}% 65
\BOOKMARK [2][-]{subsection.4.6.10}{\376\377\000M\000o\000n\000i\000t\000o\000r\000\040\000U\000s\000e\000r\000\040\000P\000r\000o\000g\000r\000e\000s\000s}{section.4.6}% 66
\BOOKMARK [2][-]{subsection.4.6.11}{\376\377\000L\000e\000a\000r\000n\000i\000n\000g\000\040\000P\000a\000t\000h\000\040\000M\000o\000d\000u\000l\000e\000\040\000A\000c\000c\000e\000s\000s}{section.4.6}% 67
\BOOKMARK [1][-]{section.4.7}{\376\377\000H\000a\000r\000d\000w\000a\000r\000e\000\040\000a\000n\000d\000\040\000S\000o\000f\000t\000w\000a\000r\000e\000\040\000R\000e\000q\000u\000i\000r\000e\000m\000e\000n\000t\000s}{chapter.4}% 68
\BOOKMARK [2][-]{subsection.4.7.1}{\376\377\000H\000a\000r\000d\000w\000a\000r\000e\000\040\000R\000e\000q\000u\000i\000r\000e\000m\000e\000n\000t\000s}{section.4.7}% 69
\BOOKMARK [2][-]{subsection.4.7.2}{\376\377\000S\000o\000f\000t\000w\000a\000r\000e\000\040\000R\000e\000q\000u\000i\000r\000e\000m\000e\000n\000t\000s}{section.4.7}% 70
\BOOKMARK [1][-]{section.4.8}{\376\377\000G\000r\000a\000p\000h\000i\000c\000a\000l\000\040\000U\000s\000e\000r\000\040\000I\000n\000t\000e\000r\000f\000a\000c\000e}{chapter.4}% 71
\BOOKMARK [1][-]{section.4.9}{\376\377\000D\000a\000t\000a\000b\000a\000s\000e\000\040\000D\000e\000s\000i\000g\000n\000\040\000\050\000i\000f\000\040\000r\000e\000q\000u\000i\000r\000e\000d\000;\000\040\000t\000h\000i\000s\000\040\000m\000e\000a\000n\000s\000\040\000i\000f\000\040\000y\000o\000u\000\040\000a\000r\000e\000\040\000u\000s\000i\000n\000g\000\040\000n\000o\000S\000Q\000L\000,\000\040\000y\000o\000u\000\040\000w\000i\000l\000l\000\040\000n\000o\000t\000\040\000p\000r\000o\000v\000i\000d\000e\000\040\000E\000R\000\040\000b\000u\000t\000\040\000t\000h\000e\000\040\000o\000t\000h\000e\000r\000\040\000d\000e\000s\000i\000g\000n\000\040\000e\000l\000e\000m\000e\000n\000t\000\040\000a\000n\000d\000\040\000d\000a\000t\000a\000\040\000d\000i\000c\000t\000o\000n\000a\000r\000y\000\040\000s\000h\000o\000u\000l\000d\000\040\000s\000t\000i\000l\000l\000\040\000b\000e\000\040\000t\000h\000e\000r\000e\000.\000\040\000E\000x\000p\000l\000a\000i\000n\000\040\000a\000n\000d\000\040\000e\000l\000a\000b\000o\000r\000a\000t\000e\000\040\000y\000o\000u\000r\000\040\000D\000B\000\040\000d\000e\000s\000i\000g\000n\000\051}{chapter.4}% 72
\BOOKMARK [2][-]{subsection.4.9.1}{\376\377\000E\000R\000\040\000D\000i\000a\000g\000r\000a\000m}{section.4.9}% 73
\BOOKMARK [2][-]{subsection.4.9.2}{\376\377\000D\000a\000t\000a\000\040\000D\000i\000c\000t\000i\000o\000n\000a\000r\000y}{section.4.9}% 74
\BOOKMARK [1][-]{section.4.10}{\376\377\000R\000i\000s\000k\000\040\000A\000n\000a\000l\000y\000s\000i\000s}{chapter.4}% 75
\BOOKMARK [2][-]{subsection.4.10.1}{\376\377\000T\000e\000c\000h\000n\000i\000c\000a\000l\000\040\000R\000i\000s\000k\000s}{section.4.10}% 76
\BOOKMARK [2][-]{subsection.4.10.2}{\376\377\000B\000u\000s\000i\000n\000e\000s\000s\000\040\000R\000i\000s\000k\000s}{section.4.10}% 77
\BOOKMARK [2][-]{subsection.4.10.3}{\376\377\000U\000s\000e\000r\000\040\000R\000i\000s\000k\000s}{section.4.10}% 78
\BOOKMARK [2][-]{subsection.4.10.4}{\376\377\000S\000e\000c\000u\000r\000i\000t\000y\000\040\000R\000i\000s\000k\000s}{section.4.10}% 79
\BOOKMARK [0][-]{chapter.5}{\376\377\000H\000i\000g\000h\000-\000L\000e\000v\000e\000l\000\040\000a\000n\000d\000\040\000L\000o\000w\000-\000L\000e\000v\000e\000l\000\040\000D\000e\000s\000i\000g\000n}{}% 80
\BOOKMARK [1][-]{section.5.1}{\376\377\000S\000y\000s\000t\000e\000m\000\040\000O\000v\000e\000r\000v\000i\000e\000w}{chapter.5}% 81
\BOOKMARK [2][-]{subsection.5.1.1}{\376\377\000L\000e\000a\000r\000n\000i\000n\000g\000\040\000M\000a\000n\000a\000g\000e\000m\000e\000n\000t\000\040\000a\000n\000d\000\040\000M\000o\000d\000u\000l\000e\000s}{section.5.1}% 82
\BOOKMARK [2][-]{subsection.5.1.2}{\376\377\000P\000e\000r\000s\000o\000n\000a\000l\000i\000z\000e\000d\000\040\000L\000e\000a\000r\000n\000i\000n\000g\000\040\000P\000a\000t\000h\000s}{section.5.1}% 83
\BOOKMARK [2][-]{subsection.5.1.3}{\376\377\000A\000g\000e\000n\000t\000i\000c\000\040\000R\000A\000G\000\040\000M\000e\000n\000t\000o\000r\000\040\000\050\000C\000o\000n\000t\000e\000x\000t\000-\000A\000w\000a\000r\000e\000\040\000A\000s\000s\000i\000s\000t\000a\000n\000c\000e\000\051}{section.5.1}% 84
\BOOKMARK [2][-]{subsection.5.1.4}{\376\377\000A\000s\000s\000e\000s\000s\000m\000e\000n\000t\000\040\000a\000n\000d\000\040\000A\000I\000\040\000S\000o\000f\000t\000w\000a\000r\000e\000\040\000E\000n\000g\000i\000n\000e\000e\000r\000\040\000E\000v\000a\000l\000u\000a\000t\000i\000o\000n}{section.5.1}% 85
\BOOKMARK [2][-]{subsection.5.1.5}{\376\377\000P\000r\000o\000g\000r\000e\000s\000s\000\040\000I\000n\000s\000i\000g\000h\000t\000s\000\040\000a\000n\000d\000\040\000F\000e\000e\000d\000b\000a\000c\000k}{section.5.1}% 86
\BOOKMARK [2][-]{subsection.5.1.6}{\376\377\000H\000i\000g\000h\000-\000L\000e\000v\000e\000l\000\040\000T\000e\000c\000h\000n\000o\000l\000o\000g\000y\000\040\000V\000i\000e\000w}{section.5.1}% 87
\BOOKMARK [1][-]{section.5.2}{\376\377\000D\000e\000s\000i\000g\000n\000\040\000C\000o\000n\000s\000i\000d\000e\000r\000a\000t\000i\000o\000n\000s}{chapter.5}% 88
\BOOKMARK [2][-]{subsection.5.2.1}{\376\377\000A\000s\000s\000u\000m\000p\000t\000i\000o\000n\000s\000\040\000a\000n\000d\000\040\000D\000e\000p\000e\000n\000d\000e\000n\000c\000i\000e\000s}{section.5.2}% 89
\BOOKMARK [2][-]{subsection.5.2.2}{\376\377\000G\000e\000n\000e\000r\000a\000l\000\040\000C\000o\000n\000s\000t\000r\000a\000i\000n\000t\000s}{section.5.2}% 90
\BOOKMARK [2][-]{subsection.5.2.3}{\376\377\000G\000o\000a\000l\000s\000\040\000a\000n\000d\000\040\000G\000u\000i\000d\000e\000l\000i\000n\000e\000s}{section.5.2}% 91
\BOOKMARK [2][-]{subsection.5.2.4}{\376\377\000D\000e\000v\000e\000l\000o\000p\000m\000e\000n\000t\000\040\000M\000e\000t\000h\000o\000d\000s}{section.5.2}% 92
\BOOKMARK [1][-]{section.5.3}{\376\377\000S\000y\000s\000t\000e\000m\000\040\000A\000r\000c\000h\000i\000t\000e\000c\000t\000u\000r\000e}{chapter.5}% 93
\BOOKMARK [2][-]{subsection.5.3.1}{\376\377\000H\000i\000g\000h\000-\000L\000e\000v\000e\000l\000\040\000S\000y\000s\000t\000e\000m\000\040\000D\000e\000c\000o\000m\000p\000o\000s\000i\000t\000i\000o\000n}{section.5.3}% 94
\BOOKMARK [2][-]{subsection.5.3.2}{\376\377\000M\000a\000j\000o\000r\000\040\000S\000y\000s\000t\000e\000m\000\040\000R\000e\000s\000p\000o\000n\000s\000i\000b\000i\000l\000i\000t\000i\000e\000s}{section.5.3}% 95
\BOOKMARK [2][-]{subsection.5.3.3}{\376\377\000C\000o\000m\000p\000o\000n\000e\000n\000t\000\040\000R\000o\000l\000e\000s\000\040\000a\000n\000d\000\040\000R\000e\000s\000p\000o\000n\000s\000i\000b\000i\000l\000i\000t\000i\000e\000s}{section.5.3}% 96
\BOOKMARK [2][-]{subsection.5.3.4}{\376\377\000C\000o\000m\000p\000o\000n\000e\000n\000t\000\040\000C\000o\000l\000l\000a\000b\000o\000r\000a\000t\000i\000o\000n\000\040\000a\000n\000d\000\040\000D\000a\000t\000a\000\040\000F\000l\000o\000w}{section.5.3}% 97
\BOOKMARK [2][-]{subsection.5.3.5}{\376\377\000A\000r\000c\000h\000i\000t\000e\000c\000t\000u\000r\000a\000l\000\040\000R\000a\000t\000i\000o\000n\000a\000l\000e}{section.5.3}% 98
\BOOKMARK [2][-]{subsection.5.3.6}{\376\377\000E\000x\000t\000e\000r\000n\000a\000l\000\040\000S\000y\000s\000t\000e\000m\000\040\000I\000n\000t\000e\000g\000r\000a\000t\000i\000o\000n}{section.5.3}% 99
\BOOKMARK [2][-]{subsection.5.3.7}{\376\377\000S\000u\000b\000s\000y\000s\000t\000e\000m\000\040\000A\000r\000c\000h\000i\000t\000e\000c\000t\000u\000r\000e}{section.5.3}% 100
\BOOKMARK [1][-]{section.5.4}{\376\377\000A\000r\000c\000h\000i\000t\000e\000c\000t\000u\000r\000a\000l\000\040\000S\000t\000r\000a\000t\000e\000g\000i\000e\000s}{chapter.5}% 101
\BOOKMARK [2][-]{subsection.5.4.1}{\376\377\000U\000s\000i\000n\000g\000\040\000E\000x\000t\000e\000r\000n\000a\000l\000\040\000A\000I\000\040\000A\000P\000I\000s}{section.5.4}% 102
\BOOKMARK [2][-]{subsection.5.4.2}{\376\377\000U\000s\000i\000n\000g\000\040\000R\000A\000G\000\040\000f\000o\000r\000\040\000S\000m\000a\000r\000t\000\040\000H\000e\000l\000p}{section.5.4}% 103
\BOOKMARK [2][-]{subsection.5.4.3}{\376\377\000C\000h\000o\000o\000s\000i\000n\000g\000\040\000M\000o\000d\000e\000r\000n\000\040\000T\000e\000c\000h\000n\000o\000l\000o\000g\000y}{section.5.4}% 104
\BOOKMARK [2][-]{subsection.5.4.4}{\376\377\000U\000s\000i\000n\000g\000\040\000M\000i\000c\000r\000o\000s\000e\000r\000v\000i\000c\000e\000s}{section.5.4}% 105
\BOOKMARK [2][-]{subsection.5.4.5}{\376\377\000A\000P\000I\000-\000F\000i\000r\000s\000t\000\040\000D\000e\000s\000i\000g\000n}{section.5.4}% 106
\BOOKMARK [1][-]{section.5.5}{\376\377\000D\000o\000m\000a\000i\000n\000\040\000M\000o\000d\000e\000l\000/\000C\000l\000a\000s\000s\000\040\000D\000i\000a\000g\000r\000a\000m}{chapter.5}% 107
\BOOKMARK [1][-]{section.5.6}{\376\377\000P\000o\000l\000i\000c\000i\000e\000s\000\040\000a\000n\000d\000\040\000T\000a\000c\000t\000i\000c\000s}{chapter.5}% 108
\BOOKMARK [2][-]{subsection.5.6.1}{\376\377\000C\000o\000d\000e\000b\000a\000s\000e\000\040\000O\000r\000g\000a\000n\000i\000z\000a\000t\000i\000o\000n}{section.5.6}% 109
\BOOKMARK [2][-]{subsection.5.6.2}{\376\377\000D\000e\000v\000e\000l\000o\000p\000m\000e\000n\000t\000\040\000T\000o\000o\000l\000s}{section.5.6}% 110
\BOOKMARK [2][-]{subsection.5.6.3}{\376\377\000C\000o\000d\000i\000n\000g\000\040\000G\000u\000i\000d\000e\000l\000i\000n\000e\000s}{section.5.6}% 111
\BOOKMARK [2][-]{subsection.5.6.4}{\376\377\000T\000e\000s\000t\000i\000n\000g\000\040\000S\000t\000r\000a\000t\000e\000g\000i\000e\000s}{section.5.6}% 112
\BOOKMARK [2][-]{subsection.5.6.5}{\376\377\000D\000o\000c\000u\000m\000e\000n\000t\000a\000t\000i\000o\000n\000\040\000P\000r\000a\000c\000t\000i\000c\000e\000s}{section.5.6}% 113
\BOOKMARK [1][-]{section.5.7}{\376\377\000C\000o\000n\000c\000l\000u\000s\000i\000o\000n}{chapter.5}% 114
\BOOKMARK [0][-]{chapter.6}{\376\377\000I\000m\000p\000l\000e\000m\000e\000n\000t\000a\000t\000i\000o\000n\000\040\000a\000n\000d\000\040\000T\000e\000s\000t\000i\000n\000g}{}% 115
\BOOKMARK [1][-]{section.6.1}{\376\377\000I\000m\000p\000l\000e\000m\000e\000n\000t\000a\000t\000i\000o\000n}{chapter.6}% 116
\BOOKMARK [2][-]{subsection.6.1.1}{\376\377\000L\000e\000a\000r\000n\000i\000n\000g\000\040\000T\000r\000a\000c\000k\000\040\000a\000n\000d\000\040\000M\000o\000d\000u\000l\000e\000\040\000S\000y\000s\000t\000e\000m}{section.6.1}% 117
\BOOKMARK [2][-]{subsection.6.1.2}{\376\377\000A\000I\000-\000P\000o\000w\000e\000r\000e\000d\000\040\000S\000k\000i\000l\000l\000\040\000A\000s\000s\000e\000s\000s\000m\000e\000n\000t\000\040\000M\000o\000d\000u\000l\000e}{section.6.1}% 118
\BOOKMARK [2][-]{subsection.6.1.3}{\376\377\000A\000I\000\040\000L\000e\000a\000r\000n\000i\000n\000g\000\040\000P\000a\000t\000h\000\040\000G\000e\000n\000e\000r\000a\000t\000i\000o\000n\000\040\000M\000o\000d\000u\000l\000e}{section.6.1}% 119
\BOOKMARK [2][-]{subsection.6.1.4}{\376\377\000R\000A\000G\000\040\000I\000m\000p\000l\000e\000m\000e\000n\000t\000a\000t\000i\000o\000n\000\040\000f\000o\000r\000\040\000I\000n\000t\000e\000g\000r\000a\000t\000e\000d\000\040\000L\000e\000a\000r\000n\000i\000n\000g\000\040\000S\000o\000u\000r\000c\000e\000s\000\040\000C\000o\000n\000t\000e\000x\000t}{section.6.1}% 120
\BOOKMARK [1][-]{section.6.2}{\376\377\000C\000o\000n\000c\000l\000u\000s\000i\000o\000n}{chapter.6}% 121
\BOOKMARK [0][-]{chapter.7}{\376\377\000C\000o\000n\000c\000l\000u\000s\000i\000o\000n\000s\000\040\000a\000n\000d\000\040\000F\000u\000t\000u\000r\000e\000\040\000W\000o\000r\000k}{}% 122
\BOOKMARK [1][-]{section.7.1}{\376\377\000P\000r\000o\000j\000e\000c\000t\000\040\000S\000u\000m\000m\000a\000r\000y\000\040\000a\000n\000d\000\040\000A\000c\000h\000i\000e\000v\000e\000m\000e\000n\000t\000s}{chapter.7}% 123
\BOOKMARK [1][-]{section.7.2}{\376\377\000K\000e\000y\000\040\000F\000i\000n\000d\000i\000n\000g\000s\000\040\000a\000n\000d\000\040\000R\000e\000s\000u\000l\000t\000s}{chapter.7}% 124
\BOOKMARK [1][-]{section.7.3}{\376\377\000P\000r\000o\000j\000e\000c\000t\000\040\000S\000c\000o\000p\000e\000\040\000C\000o\000v\000e\000r\000a\000g\000e\000\040\000a\000n\000d\000\040\000O\000b\000j\000e\000c\000t\000i\000v\000e\000s\000\040\000A\000c\000h\000i\000e\000v\000e\000m\000e\000n\000t}{chapter.7}% 125
\BOOKMARK [1][-]{section.7.4}{\376\377\000C\000h\000a\000l\000l\000e\000n\000g\000e\000s\000\040\000F\000a\000c\000e\000d\000\040\000a\000n\000d\000\040\000L\000i\000m\000i\000t\000a\000t\000i\000o\000n\000s}{chapter.7}% 126
\BOOKMARK [1][-]{section.7.5}{\376\377\000F\000u\000t\000u\000r\000e\000\040\000W\000o\000r\000k\000\040\000a\000n\000d\000\040\000R\000e\000c\000o\000m\000m\000e\000n\000d\000a\000t\000i\000o\000n\000s}{chapter.7}% 127
\BOOKMARK [2][-]{subsection.7.5.1}{\376\377\000P\000h\000a\000s\000e\000\040\0002\000\040\000D\000e\000v\000e\000l\000o\000p\000m\000e\000n\000t\000\040\000P\000l\000a\000n\000\040\000\050\000F\000Y\000P\000-\0002\000\051}{section.7.5}% 128
\BOOKMARK [2][-]{subsection.7.5.2}{\376\377\000L\000o\000n\000g\000-\000t\000e\000r\000m\000\040\000R\000e\000c\000o\000m\000m\000e\000n\000d\000a\000t\000i\000o\000n\000s}{section.7.5}% 129
\BOOKMARK [1][-]{section.7.6}{\376\377\000F\000i\000n\000a\000l\000\040\000R\000e\000m\000a\000r\000k\000s}{chapter.7}% 130
